2019-02-22 20:34:35,622 [localhost-startStop-1] INFO  [org.springframework.web.context.ContextLoader] - Root WebApplicationContext: initialization started
2019-02-22 20:34:35,693 [localhost-startStop-1] INFO  [org.springframework.web.context.support.XmlWebApplicationContext] - Refreshing Root WebApplicationContext: startup date [Fri Feb 22 20:34:35 CST 2019]; root of context hierarchy
2019-02-22 20:34:35,724 [localhost-startStop-1] INFO  [org.springframework.beans.factory.xml.XmlBeanDefinitionReader] - Loading XML bean definitions from class path resource [ApplicationContext.xml]
2019-02-22 20:34:38,995 [localhost-startStop-1] INFO  [org.springframework.beans.factory.annotation.AutowiredAnnotationBeanPostProcessor] - JSR-330 'javax.inject.Inject' annotation found and supported for autowiring
2019-02-22 20:34:39,848 [localhost-startStop-1] INFO  [com.alibaba.druid.pool.DruidDataSource] - {dataSource-1} inited
2019-02-22 20:34:40,228 [localhost-startStop-1] INFO  [org.springframework.web.context.ContextLoader] - Root WebApplicationContext: initialization completed in 4605 ms
2019-02-22 20:34:40,408 [localhost-startStop-1] INFO  [org.springframework.web.servlet.DispatcherServlet] - FrameworkServlet 'app': initialization started
2019-02-22 20:34:40,411 [localhost-startStop-1] INFO  [org.springframework.web.context.support.XmlWebApplicationContext] - Refreshing WebApplicationContext for namespace 'app-servlet': startup date [Fri Feb 22 20:34:40 CST 2019]; parent: Root WebApplicationContext
2019-02-22 20:34:40,412 [localhost-startStop-1] INFO  [org.springframework.beans.factory.xml.XmlBeanDefinitionReader] - Loading XML bean definitions from ServletContext resource [/WEB-INF/app-servlet.xml]
2019-02-22 20:34:40,512 [localhost-startStop-1] INFO  [org.springframework.beans.factory.annotation.AutowiredAnnotationBeanPostProcessor] - JSR-330 'javax.inject.Inject' annotation found and supported for autowiring
2019-02-22 20:34:40,647 [localhost-startStop-1] INFO  [org.springframework.web.servlet.mvc.method.annotation.RequestMappingHandlerMapping] - Mapped "{[/delete.htm]}" onto public com.coco.common.ServerResponse com.coco.controller.DeleteFootsConroller.deAllFoots(javax.servlet.http.HttpSession)
2019-02-22 20:34:40,648 [localhost-startStop-1] INFO  [org.springframework.web.servlet.mvc.method.annotation.RequestMappingHandlerMapping] - Mapped "{[/findFoots.htm]}" onto public com.coco.common.ServerResponse com.coco.controller.FindFootsController.findFoots(javax.servlet.http.HttpSession)
2019-02-22 20:34:40,649 [localhost-startStop-1] INFO  [org.springframework.web.servlet.mvc.method.annotation.RequestMappingHandlerMapping] - Mapped "{[/goodsDetails.htm]}" onto public com.coco.common.ServerResponse com.coco.controller.GoodsDetailsController.getGoods(java.lang.Integer,javax.servlet.http.HttpSession)
2019-02-22 20:34:40,776 [localhost-startStop-1] INFO  [org.springframework.web.servlet.mvc.method.annotation.RequestMappingHandlerAdapter] - Looking for @ControllerAdvice: WebApplicationContext for namespace 'app-servlet': startup date [Fri Feb 22 20:34:40 CST 2019]; parent: Root WebApplicationContext
2019-02-22 20:34:40,821 [localhost-startStop-1] INFO  [org.springframework.web.servlet.mvc.method.annotation.RequestMappingHandlerAdapter] - Looking for @ControllerAdvice: WebApplicationContext for namespace 'app-servlet': startup date [Fri Feb 22 20:34:40 CST 2019]; parent: Root WebApplicationContext
2019-02-22 20:34:40,918 [localhost-startStop-1] INFO  [org.springframework.web.servlet.DispatcherServlet] - FrameworkServlet 'app': initialization completed in 510 ms
2019-02-22 20:34:42,406 [http-bio-8080-exec-1] WARN  [org.springframework.web.servlet.PageNotFound] - No mapping found for HTTP request with URI [/] in DispatcherServlet with name 'app'
2019-02-22 20:40:32,867 [localhost-startStop-1] INFO  [org.springframework.web.context.ContextLoader] - Root WebApplicationContext: initialization started
2019-02-22 20:40:32,914 [localhost-startStop-1] INFO  [org.springframework.web.context.support.XmlWebApplicationContext] - Refreshing Root WebApplicationContext: startup date [Fri Feb 22 20:40:32 CST 2019]; root of context hierarchy
2019-02-22 20:40:32,938 [localhost-startStop-1] INFO  [org.springframework.beans.factory.xml.XmlBeanDefinitionReader] - Loading XML bean definitions from class path resource [ApplicationContext.xml]
2019-02-22 20:40:33,264 [localhost-startStop-1] INFO  [org.springframework.beans.factory.annotation.AutowiredAnnotationBeanPostProcessor] - JSR-330 'javax.inject.Inject' annotation found and supported for autowiring
2019-02-22 20:40:33,631 [localhost-startStop-1] INFO  [com.alibaba.druid.pool.DruidDataSource] - {dataSource-1} inited
2019-02-22 20:40:33,870 [localhost-startStop-1] INFO  [org.springframework.web.context.ContextLoader] - Root WebApplicationContext: initialization completed in 1002 ms
2019-02-22 20:40:34,042 [localhost-startStop-1] INFO  [org.springframework.web.servlet.DispatcherServlet] - FrameworkServlet 'app': initialization started
2019-02-22 20:40:34,045 [localhost-startStop-1] INFO  [org.springframework.web.context.support.XmlWebApplicationContext] - Refreshing WebApplicationContext for namespace 'app-servlet': startup date [Fri Feb 22 20:40:34 CST 2019]; parent: Root WebApplicationContext
2019-02-22 20:40:34,046 [localhost-startStop-1] INFO  [org.springframework.beans.factory.xml.XmlBeanDefinitionReader] - Loading XML bean definitions from ServletContext resource [/WEB-INF/app-servlet.xml]
2019-02-22 20:40:34,182 [localhost-startStop-1] INFO  [org.springframework.beans.factory.annotation.AutowiredAnnotationBeanPostProcessor] - JSR-330 'javax.inject.Inject' annotation found and supported for autowiring
2019-02-22 20:40:34,330 [localhost-startStop-1] INFO  [org.springframework.web.servlet.mvc.method.annotation.RequestMappingHandlerMapping] - Mapped "{[/delete.do]}" onto public com.coco.common.ServerResponse com.coco.controller.DeleteFootsConroller.deAllFoots(javax.servlet.http.HttpSession)
2019-02-22 20:40:34,331 [localhost-startStop-1] INFO  [org.springframework.web.servlet.mvc.method.annotation.RequestMappingHandlerMapping] - Mapped "{[/findFoots.do]}" onto public com.coco.common.ServerResponse com.coco.controller.FindFootsController.findFoots(javax.servlet.http.HttpSession)
2019-02-22 20:40:34,332 [localhost-startStop-1] INFO  [org.springframework.web.servlet.mvc.method.annotation.RequestMappingHandlerMapping] - Mapped "{[/goodsDetails.do]}" onto public com.coco.common.ServerResponse com.coco.controller.GoodsDetailsController.getGoods(java.lang.Integer,javax.servlet.http.HttpSession)
2019-02-22 20:40:34,437 [localhost-startStop-1] INFO  [org.springframework.web.servlet.mvc.method.annotation.RequestMappingHandlerAdapter] - Looking for @ControllerAdvice: WebApplicationContext for namespace 'app-servlet': startup date [Fri Feb 22 20:40:34 CST 2019]; parent: Root WebApplicationContext
2019-02-22 20:40:34,470 [localhost-startStop-1] INFO  [org.springframework.web.servlet.mvc.method.annotation.RequestMappingHandlerAdapter] - Looking for @ControllerAdvice: WebApplicationContext for namespace 'app-servlet': startup date [Fri Feb 22 20:40:34 CST 2019]; parent: Root WebApplicationContext
2019-02-22 20:40:34,563 [localhost-startStop-1] INFO  [org.springframework.web.servlet.DispatcherServlet] - FrameworkServlet 'app': initialization completed in 521 ms
2019-02-22 20:42:06,152 [localhost-startStop-1] INFO  [org.springframework.web.context.ContextLoader] - Root WebApplicationContext: initialization started
2019-02-22 20:42:06,206 [localhost-startStop-1] INFO  [org.springframework.web.context.support.XmlWebApplicationContext] - Refreshing Root WebApplicationContext: startup date [Fri Feb 22 20:42:06 CST 2019]; root of context hierarchy
2019-02-22 20:42:06,239 [localhost-startStop-1] INFO  [org.springframework.beans.factory.xml.XmlBeanDefinitionReader] - Loading XML bean definitions from class path resource [ApplicationContext.xml]
2019-02-22 20:42:06,541 [localhost-startStop-1] INFO  [org.springframework.beans.factory.annotation.AutowiredAnnotationBeanPostProcessor] - JSR-330 'javax.inject.Inject' annotation found and supported for autowiring
2019-02-22 20:42:06,929 [localhost-startStop-1] INFO  [com.alibaba.druid.pool.DruidDataSource] - {dataSource-1} inited
2019-02-22 20:42:07,163 [localhost-startStop-1] INFO  [org.springframework.web.context.ContextLoader] - Root WebApplicationContext: initialization completed in 1010 ms
2019-02-22 20:42:07,307 [localhost-startStop-1] INFO  [org.springframework.web.servlet.DispatcherServlet] - FrameworkServlet 'app': initialization started
2019-02-22 20:42:07,309 [localhost-startStop-1] INFO  [org.springframework.web.context.support.XmlWebApplicationContext] - Refreshing WebApplicationContext for namespace 'app-servlet': startup date [Fri Feb 22 20:42:07 CST 2019]; parent: Root WebApplicationContext
2019-02-22 20:42:07,310 [localhost-startStop-1] INFO  [org.springframework.beans.factory.xml.XmlBeanDefinitionReader] - Loading XML bean definitions from ServletContext resource [/WEB-INF/app-servlet.xml]
2019-02-22 20:42:07,402 [localhost-startStop-1] INFO  [org.springframework.beans.factory.annotation.AutowiredAnnotationBeanPostProcessor] - JSR-330 'javax.inject.Inject' annotation found and supported for autowiring
2019-02-22 20:42:07,560 [localhost-startStop-1] INFO  [org.springframework.web.servlet.mvc.method.annotation.RequestMappingHandlerMapping] - Mapped "{[/delete.do]}" onto public com.coco.common.ServerResponse com.coco.controller.DeleteFootsConroller.deAllFoots(javax.servlet.http.HttpSession)
2019-02-22 20:42:07,561 [localhost-startStop-1] INFO  [org.springframework.web.servlet.mvc.method.annotation.RequestMappingHandlerMapping] - Mapped "{[/findFoots.do]}" onto public com.coco.common.ServerResponse com.coco.controller.FindFootsController.findFoots(javax.servlet.http.HttpSession)
2019-02-22 20:42:07,561 [localhost-startStop-1] INFO  [org.springframework.web.servlet.mvc.method.annotation.RequestMappingHandlerMapping] - Mapped "{[/goodsDetails.do]}" onto public com.coco.common.ServerResponse com.coco.controller.GoodsDetailsController.getGoods(java.lang.Integer,javax.servlet.http.HttpSession)
2019-02-22 20:42:07,640 [localhost-startStop-1] INFO  [org.springframework.web.servlet.mvc.method.annotation.RequestMappingHandlerAdapter] - Looking for @ControllerAdvice: WebApplicationContext for namespace 'app-servlet': startup date [Fri Feb 22 20:42:07 CST 2019]; parent: Root WebApplicationContext
2019-02-22 20:42:07,673 [localhost-startStop-1] INFO  [org.springframework.web.servlet.mvc.method.annotation.RequestMappingHandlerAdapter] - Looking for @ControllerAdvice: WebApplicationContext for namespace 'app-servlet': startup date [Fri Feb 22 20:42:07 CST 2019]; parent: Root WebApplicationContext
2019-02-22 20:42:07,798 [localhost-startStop-1] INFO  [org.springframework.web.servlet.DispatcherServlet] - FrameworkServlet 'app': initialization completed in 491 ms
2019-02-22 20:54:54,659 [localhost-startStop-1] INFO  [org.springframework.web.context.ContextLoader] - Root WebApplicationContext: initialization started
2019-02-22 20:54:54,711 [localhost-startStop-1] INFO  [org.springframework.web.context.support.XmlWebApplicationContext] - Refreshing Root WebApplicationContext: startup date [Fri Feb 22 20:54:54 CST 2019]; root of context hierarchy
2019-02-22 20:54:54,739 [localhost-startStop-1] INFO  [org.springframework.beans.factory.xml.XmlBeanDefinitionReader] - Loading XML bean definitions from class path resource [ApplicationContext.xml]
2019-02-22 20:54:55,069 [localhost-startStop-1] INFO  [org.springframework.beans.factory.annotation.AutowiredAnnotationBeanPostProcessor] - JSR-330 'javax.inject.Inject' annotation found and supported for autowiring
2019-02-22 20:54:55,482 [localhost-startStop-1] INFO  [com.alibaba.druid.pool.DruidDataSource] - {dataSource-1} inited
2019-02-22 20:54:55,759 [localhost-startStop-1] INFO  [org.springframework.web.context.ContextLoader] - Root WebApplicationContext: initialization completed in 1100 ms
2019-02-22 20:54:55,894 [localhost-startStop-1] INFO  [org.springframework.web.servlet.DispatcherServlet] - FrameworkServlet 'app': initialization started
2019-02-22 20:54:55,898 [localhost-startStop-1] INFO  [org.springframework.web.context.support.XmlWebApplicationContext] - Refreshing WebApplicationContext for namespace 'app-servlet': startup date [Fri Feb 22 20:54:55 CST 2019]; parent: Root WebApplicationContext
2019-02-22 20:54:55,898 [localhost-startStop-1] INFO  [org.springframework.beans.factory.xml.XmlBeanDefinitionReader] - Loading XML bean definitions from ServletContext resource [/WEB-INF/app-servlet.xml]
2019-02-22 20:54:55,987 [localhost-startStop-1] INFO  [org.springframework.beans.factory.annotation.AutowiredAnnotationBeanPostProcessor] - JSR-330 'javax.inject.Inject' annotation found and supported for autowiring
2019-02-22 20:54:56,147 [localhost-startStop-1] INFO  [org.springframework.web.servlet.mvc.method.annotation.RequestMappingHandlerMapping] - Mapped "{[/delete.do]}" onto public com.coco.common.ServerResponse com.coco.controller.DeleteFootsConroller.deAllFoots(javax.servlet.http.HttpSession)
2019-02-22 20:54:56,148 [localhost-startStop-1] INFO  [org.springframework.web.servlet.mvc.method.annotation.RequestMappingHandlerMapping] - Mapped "{[/findFoots.do]}" onto public com.coco.common.ServerResponse com.coco.controller.FindFootsController.findFoots(javax.servlet.http.HttpSession)
2019-02-22 20:54:56,148 [localhost-startStop-1] INFO  [org.springframework.web.servlet.mvc.method.annotation.RequestMappingHandlerMapping] - Mapped "{[/goodsDetails.do]}" onto public com.coco.common.ServerResponse com.coco.controller.GoodsDetailsController.getGoods(java.lang.Integer,javax.servlet.http.HttpSession)
2019-02-22 20:54:56,259 [localhost-startStop-1] INFO  [org.springframework.web.servlet.mvc.method.annotation.RequestMappingHandlerAdapter] - Looking for @ControllerAdvice: WebApplicationContext for namespace 'app-servlet': startup date [Fri Feb 22 20:54:55 CST 2019]; parent: Root WebApplicationContext
2019-02-22 20:54:56,306 [localhost-startStop-1] INFO  [org.springframework.web.servlet.mvc.method.annotation.RequestMappingHandlerAdapter] - Looking for @ControllerAdvice: WebApplicationContext for namespace 'app-servlet': startup date [Fri Feb 22 20:54:55 CST 2019]; parent: Root WebApplicationContext
2019-02-22 20:54:56,460 [localhost-startStop-1] INFO  [org.springframework.web.servlet.DispatcherServlet] - FrameworkServlet 'app': initialization completed in 566 ms
2019-02-22 21:48:08,300 [localhost-startStop-1] INFO  [org.springframework.web.context.ContextLoader] - Root WebApplicationContext: initialization started
2019-02-22 21:48:08,355 [localhost-startStop-1] INFO  [org.springframework.web.context.support.XmlWebApplicationContext] - Refreshing Root WebApplicationContext: startup date [Fri Feb 22 21:48:08 CST 2019]; root of context hierarchy
2019-02-22 21:48:08,402 [localhost-startStop-1] INFO  [org.springframework.beans.factory.xml.XmlBeanDefinitionReader] - Loading XML bean definitions from class path resource [ApplicationContext.xml]
2019-02-22 21:48:08,796 [localhost-startStop-1] INFO  [org.springframework.beans.factory.annotation.AutowiredAnnotationBeanPostProcessor] - JSR-330 'javax.inject.Inject' annotation found and supported for autowiring
2019-02-22 21:48:09,226 [localhost-startStop-1] INFO  [com.alibaba.druid.pool.DruidDataSource] - {dataSource-1} inited
2019-02-22 21:48:09,437 [localhost-startStop-1] INFO  [org.springframework.web.context.ContextLoader] - Root WebApplicationContext: initialization completed in 1137 ms
2019-02-22 21:48:09,586 [localhost-startStop-1] INFO  [org.springframework.web.servlet.DispatcherServlet] - FrameworkServlet 'app': initialization started
2019-02-22 21:48:09,590 [localhost-startStop-1] INFO  [org.springframework.web.context.support.XmlWebApplicationContext] - Refreshing WebApplicationContext for namespace 'app-servlet': startup date [Fri Feb 22 21:48:09 CST 2019]; parent: Root WebApplicationContext
2019-02-22 21:48:09,591 [localhost-startStop-1] INFO  [org.springframework.beans.factory.xml.XmlBeanDefinitionReader] - Loading XML bean definitions from ServletContext resource [/WEB-INF/app-servlet.xml]
2019-02-22 21:48:09,714 [localhost-startStop-1] INFO  [org.springframework.beans.factory.annotation.AutowiredAnnotationBeanPostProcessor] - JSR-330 'javax.inject.Inject' annotation found and supported for autowiring
2019-02-22 21:48:09,875 [localhost-startStop-1] INFO  [org.springframework.web.servlet.mvc.method.annotation.RequestMappingHandlerMapping] - Mapped "{[/delete.do]}" onto public com.coco.common.ServerResponse com.coco.controller.DeleteFootsConroller.deAllFoots(javax.servlet.http.HttpSession)
2019-02-22 21:48:09,877 [localhost-startStop-1] INFO  [org.springframework.web.servlet.mvc.method.annotation.RequestMappingHandlerMapping] - Mapped "{[/findFoots.do]}" onto public com.coco.common.ServerResponse com.coco.controller.FindFootsController.findFoots(javax.servlet.http.HttpSession)
2019-02-22 21:48:09,878 [localhost-startStop-1] INFO  [org.springframework.web.servlet.mvc.method.annotation.RequestMappingHandlerMapping] - Mapped "{[/goodsDetails.do]}" onto public com.coco.common.ServerResponse com.coco.controller.GoodsDetailsController.getGoods(java.lang.Integer,javax.servlet.http.HttpSession)
2019-02-22 21:48:09,976 [localhost-startStop-1] INFO  [org.springframework.web.servlet.mvc.method.annotation.RequestMappingHandlerAdapter] - Looking for @ControllerAdvice: WebApplicationContext for namespace 'app-servlet': startup date [Fri Feb 22 21:48:09 CST 2019]; parent: Root WebApplicationContext
2019-02-22 21:48:10,016 [localhost-startStop-1] INFO  [org.springframework.web.servlet.mvc.method.annotation.RequestMappingHandlerAdapter] - Looking for @ControllerAdvice: WebApplicationContext for namespace 'app-servlet': startup date [Fri Feb 22 21:48:09 CST 2019]; parent: Root WebApplicationContext
2019-02-22 21:48:10,121 [localhost-startStop-1] INFO  [org.springframework.web.servlet.DispatcherServlet] - FrameworkServlet 'app': initialization completed in 535 ms
2019-02-22 21:48:49,237 [http-bio-8080-exec-3] WARN  [org.springframework.web.servlet.PageNotFound] - No mapping found for HTTP request with URI [/fidelete.do] in DispatcherServlet with name 'app'
